<?xml version="1.0" encoding="UTF-8"?>
<!-- Generated by org.testng.reporters.JUnitXMLReporter -->
<testsuite hostname="HDC4-D-CCJTXJ2" ignored="0" name="Default test" tests="4" failures="0" timestamp="25 Sep 2019 09:01:49 GMT" time="78.726" errors="0">
  <testcase name="testRegistration" time="27.117" classname="testmeapp.tests.OnlineShoppingTest"/>
  <testcase name="testLogin" time="4.21" classname="testmeapp.tests.OnlineShoppingTest"/>
  <testcase name="testCart" time="2.686" classname="testmeapp.tests.OnlineShoppingTest"/>
  <testcase name="testPayment" time="18.943" classname="testmeapp.tests.OnlineShoppingTest"/>
</testsuite> <!-- Default test -->
